[I 2024-12-26 02:15:11,200] Trial 38 finished with value: 0.7711 and parameters: {'num_filters': 48, 'kernel_size': 4, 'num_conv_layers': 3, 'dropout_rate': 0.31767784184918807, 'learning_rate': 0.00048514122101373224, 'num_epochs': 10, 'batch_size': 64}. Best is trial 34 with value: 0.7748.
Files already downloaded and verified
Files already downloaded and verified
Trial 39:
  num_filters = 48, kernel_size = 4, num_conv_layers = 3, dropout_rate = 0.30398823250837265, learning_rate = 0.0004513310925577221, batch_size = 64
epochs = 15
[I 2024-12-26 02:16:31,971] Trial 39 finished with value: 0.7688 and parameters: {'num_filters': 48, 'kernel_size': 4, 'num_conv_layers': 3, 'dropout_rate': 0.30398823250837265, 'learning_rate': 0.0004513310925577221, 'num_epochs': 15, 'batch_size': 64}. Best is trial 34 with value: 0.7748.
Files already downloaded and verified
Files already downloaded and verified
Trial 40:
  num_filters = 64, kernel_size = 4, num_conv_layers = 3, dropout_rate = 0.31016015754046034, learning_rate = 0.0003953997864875781, batch_size = 64
epochs = 15
[I 2024-12-26 02:17:54,160] Trial 40 finished with value: 0.7754 and parameters: {'num_filters': 64, 'kernel_size': 4, 'num_conv_layers': 3, 'dropout_rate': 0.31016015754046034, 'learning_rate': 0.0003953997864875781, 'num_epochs': 15, 'batch_size': 64}. Best is trial 40 with value: 0.7754.
Files already downloaded and verified
Files already downloaded and verified
Trial 41:
  num_filters = 64, kernel_size = 4, num_conv_layers = 3, dropout_rate = 0.30566348890628353, learning_rate = 0.0003354011509627172, batch_size = 64
epochs = 15
[I 2024-12-26 02:19:15,315] Trial 41 finished with value: 0.7827 and parameters: {'num_filters': 64, 'kernel_size': 4, 'num_conv_layers': 3, 'dropout_rate': 0.30566348890628353, 'learning_rate': 0.0003354011509627172, 'num_epochs': 15, 'batch_size': 64}. Best is trial 41 with value: 0.7827.
Files already downloaded and verified
Files already downloaded and verified
Trial 42:
  num_filters = 64, kernel_size = 4, num_conv_layers = 3, dropout_rate = 0.31217877849381426, learning_rate = 0.0003427141516084317, batch_size = 64
epochs = 15
[I 2024-12-26 02:20:37,225] Trial 42 finished with value: 0.7818 and parameters: {'num_filters': 64, 'kernel_size': 4, 'num_conv_layers': 3, 'dropout_rate': 0.31217877849381426, 'learning_rate': 0.0003427141516084317, 'num_epochs': 15, 'batch_size': 64}. Best is trial 41 with value: 0.7827.
Files already downloaded and verified
Files already downloaded and verified
Trial 43:
  num_filters = 64, kernel_size = 4, num_conv_layers = 3, dropout_rate = 0.3235197886724288, learning_rate = 0.0002674657382261903, batch_size = 64
epochs = 15
[I 2024-12-26 02:21:58,391] Trial 43 finished with value: 0.7786 and parameters: {'num_filters': 64, 'kernel_size': 4, 'num_conv_layers': 3, 'dropout_rate': 0.3235197886724288, 'learning_rate': 0.0002674657382261903, 'num_epochs': 15, 'batch_size': 64}. Best is trial 41 with value: 0.7827.
Files already downloaded and verified
Files already downloaded and verified
Trial 44:
  num_filters = 64, kernel_size = 4, num_conv_layers = 3, dropout_rate = 0.3414877997973628, learning_rate = 0.00024648960496627035, batch_size = 64
epochs = 15
[I 2024-12-26 02:23:19,776] Trial 44 finished with value: 0.7665 and parameters: {'num_filters': 64, 'kernel_size': 4, 'num_conv_layers': 3, 'dropout_rate': 0.3414877997973628, 'learning_rate': 0.00024648960496627035, 'num_epochs': 15, 'batch_size': 64}. Best is trial 41 with value: 0.7827.
Files already downloaded and verified
Files already downloaded and verified
Trial 45:
  num_filters = 64, kernel_size = 4, num_conv_layers = 3, dropout_rate = 0.24543283163574797, learning_rate = 0.00035194346111708534, batch_size = 64
epochs = 15
[I 2024-12-26 02:24:42,682] Trial 45 finished with value: 0.7795 and parameters: {'num_filters': 64, 'kernel_size': 4, 'num_conv_layers': 3, 'dropout_rate': 0.24543283163574797, 'learning_rate': 0.00035194346111708534, 'num_epochs': 15, 'batch_size': 64}. Best is trial 41 with value: 0.7827.
Files already downloaded and verified
Files already downloaded and verified
Trial 46:
  num_filters = 64, kernel_size = 4, num_conv_layers = 3, dropout_rate = 0.23807823707261966, learning_rate = 0.0003563408745749142, batch_size = 64
epochs = 15
[I 2024-12-26 02:26:06,127] Trial 46 finished with value: 0.7772 and parameters: {'num_filters': 64, 'kernel_size': 4, 'num_conv_layers': 3, 'dropout_rate': 0.23807823707261966, 'learning_rate': 0.0003563408745749142, 'num_epochs': 15, 'batch_size': 64}. Best is trial 41 with value: 0.7827.
Files already downloaded and verified
Files already downloaded and verified
Trial 47:
  num_filters = 64, kernel_size = 4, num_conv_layers = 3, dropout_rate = 0.24184870502664627, learning_rate = 0.00018120791564666715, batch_size = 64
epochs = 15
[I 2024-12-26 02:27:30,623] Trial 47 finished with value: 0.7729 and parameters: {'num_filters': 64, 'kernel_size': 4, 'num_conv_layers': 3, 'dropout_rate': 0.24184870502664627, 'learning_rate': 0.00018120791564666715, 'num_epochs': 15, 'batch_size': 64}. Best is trial 41 with value: 0.7827.
Files already downloaded and verified
Files already downloaded and verified
Trial 48:
  num_filters = 64, kernel_size = 4, num_conv_layers = 3, dropout_rate = 0.17762958186505418, learning_rate = 0.0003045632283876209, batch_size = 64
epochs = 15
[I 2024-12-26 02:28:53,853] Trial 48 finished with value: 0.7721 and parameters: {'num_filters': 64, 'kernel_size': 4, 'num_conv_layers': 3, 'dropout_rate': 0.17762958186505418, 'learning_rate': 0.0003045632283876209, 'num_epochs': 15, 'batch_size': 64}. Best is trial 41 with value: 0.7827.
Files already downloaded and verified
Files already downloaded and verified
Trial 49:
  num_filters = 64, kernel_size = 4, num_conv_layers = 3, dropout_rate = 0.203297277108873, learning_rate = 0.00011704883215261226, batch_size = 64
epochs = 15
[I 2024-12-26 02:30:17,236] Trial 49 finished with value: 0.7496 and parameters: {'num_filters': 64, 'kernel_size': 4, 'num_conv_layers': 3, 'dropout_rate': 0.203297277108873, 'learning_rate': 0.00011704883215261226, 'num_epochs': 15, 'batch_size': 64}. Best is trial 41 with value: 0.7827.
Лучшие гиперпараметры: {'num_filters': 64, 'kernel_size': 4, 'num_conv_layers': 3, 'dropout_rate': 0.30566348890628353, 'learning_rate': 0.0003354011509627172, 'num_epochs': 15, 'batch_size': 64}
Лучшая точность: 0.7827

Process finished with exit code 0
